-------------------------------------------------------------------------------
Test set: com.ahmetcavusoglu.swaggerspringboot.SwaggerspringbootApplicationTests
-------------------------------------------------------------------------------
Tests run: 1, Failures: 0, Errors: 1, Skipped: 0, Time elapsed: 1.763 s <<< FAILURE! - in com.ahmetcavusoglu.swaggerspringboot.SwaggerspringbootApplicationTests
contextLoads  Time elapsed: 0.001 s  <<< ERROR!
java.lang.IllegalStateException: Failed to load ApplicationContext
Caused by: org.springframework.beans.factory.support.BeanDefinitionOverrideException: Invalid bean definition with name 'getDataSource' defined in class path resource [com/ahmetcavusoglu/swaggerspringboot/controller/DatabaseCongfiguration_copy.class]: Cannot register bean definition [Root bean: class [null]; scope=; abstract=false; lazyInit=null; autowireMode=3; dependencyCheck=0; autowireCandidate=true; primary=false; factoryBeanName=databaseCongfiguration_copy; factoryMethodName=getDataSource; initMethodName=null; destroyMethodName=(inferred); defined in class path resource [com/ahmetcavusoglu/swaggerspringboot/controller/DatabaseCongfiguration_copy.class]] for bean 'getDataSource': There is already [Root bean: class [null]; scope=; abstract=false; lazyInit=null; autowireMode=3; dependencyCheck=0; autowireCandidate=true; primary=false; factoryBeanName=databaseCongfiguration; factoryMethodName=getDataSource; initMethodName=null; destroyMethodName=(inferred); defined in class path resource [com/ahmetcavusoglu/swaggerspringboot/config/DatabaseCongfiguration.class]] bound.

